ARM GAS  C:\Users\krzys\AppData\Local\Temp\cc2nZOOg.s 			page 1


   1              		.cpu cortex-m4
   2              		.arch armv7e-m
   3              		.fpu fpv4-sp-d16
   4              		.eabi_attribute 27, 1
   5              		.eabi_attribute 28, 1
   6              		.eabi_attribute 20, 1
   7              		.eabi_attribute 21, 1
   8              		.eabi_attribute 23, 3
   9              		.eabi_attribute 24, 1
  10              		.eabi_attribute 25, 1
  11              		.eabi_attribute 26, 1
  12              		.eabi_attribute 30, 1
  13              		.eabi_attribute 34, 1
  14              		.eabi_attribute 18, 4
  15              		.file	"main.c"
  16              		.text
  17              	.Ltext0:
  18              		.cfi_sections	.debug_frame
  19              		.section	.text.MX_GPIO_Init,"ax",%progbits
  20              		.align	1
  21              		.syntax unified
  22              		.thumb
  23              		.thumb_func
  25              	MX_GPIO_Init:
  26              	.LFB132:
  27              		.file 1 "Core/Src/main.c"
   1:Core/Src/main.c **** /* USER CODE BEGIN Header */
   2:Core/Src/main.c **** /**
   3:Core/Src/main.c ****   ******************************************************************************
   4:Core/Src/main.c ****   * @file           : main.c
   5:Core/Src/main.c ****   * @brief          : Main program body
   6:Core/Src/main.c ****   ******************************************************************************
   7:Core/Src/main.c ****   * @attention
   8:Core/Src/main.c ****   *
   9:Core/Src/main.c ****   * Copyright (c) 2022 STMicroelectronics.
  10:Core/Src/main.c ****   * All rights reserved.
  11:Core/Src/main.c ****   *
  12:Core/Src/main.c ****   * This software is licensed under terms that can be found in the LICENSE file
  13:Core/Src/main.c ****   * in the root directory of this software component.
  14:Core/Src/main.c ****   * If no LICENSE file comes with this software, it is provided AS-IS.
  15:Core/Src/main.c ****   *
  16:Core/Src/main.c ****   ******************************************************************************
  17:Core/Src/main.c ****   */
  18:Core/Src/main.c **** /* USER CODE END Header */
  19:Core/Src/main.c **** /* Includes ------------------------------------------------------------------*/
  20:Core/Src/main.c **** #include "main.h"
  21:Core/Src/main.c **** 
  22:Core/Src/main.c **** /* Private includes ----------------------------------------------------------*/
  23:Core/Src/main.c **** /* USER CODE BEGIN Includes */
  24:Core/Src/main.c **** 
  25:Core/Src/main.c **** /* USER CODE END Includes */
  26:Core/Src/main.c **** 
  27:Core/Src/main.c **** /* Private typedef -----------------------------------------------------------*/
  28:Core/Src/main.c **** /* USER CODE BEGIN PTD */
  29:Core/Src/main.c **** 
  30:Core/Src/main.c **** /* USER CODE END PTD */
  31:Core/Src/main.c **** 
ARM GAS  C:\Users\krzys\AppData\Local\Temp\cc2nZOOg.s 			page 2


  32:Core/Src/main.c **** /* Private define ------------------------------------------------------------*/
  33:Core/Src/main.c **** /* USER CODE BEGIN PD */
  34:Core/Src/main.c **** /* USER CODE END PD */
  35:Core/Src/main.c **** 
  36:Core/Src/main.c **** /* Private macro -------------------------------------------------------------*/
  37:Core/Src/main.c **** /* USER CODE BEGIN PM */
  38:Core/Src/main.c **** 
  39:Core/Src/main.c **** /* USER CODE END PM */
  40:Core/Src/main.c **** 
  41:Core/Src/main.c **** /* Private variables ---------------------------------------------------------*/
  42:Core/Src/main.c **** 
  43:Core/Src/main.c **** /* USER CODE BEGIN PV */
  44:Core/Src/main.c **** uint16_t t,cnt;
  45:Core/Src/main.c **** /* USER CODE END PV */
  46:Core/Src/main.c **** 
  47:Core/Src/main.c **** /* Private function prototypes -----------------------------------------------*/
  48:Core/Src/main.c **** void SystemClock_Config(void);
  49:Core/Src/main.c **** static void MX_GPIO_Init(void);
  50:Core/Src/main.c **** /* USER CODE BEGIN PFP */
  51:Core/Src/main.c **** 
  52:Core/Src/main.c **** /* USER CODE END PFP */
  53:Core/Src/main.c **** 
  54:Core/Src/main.c **** /* Private user code ---------------------------------------------------------*/
  55:Core/Src/main.c **** /* USER CODE BEGIN 0 */
  56:Core/Src/main.c **** 
  57:Core/Src/main.c **** /* USER CODE END 0 */
  58:Core/Src/main.c **** 
  59:Core/Src/main.c **** /**
  60:Core/Src/main.c ****   * @brief  The application entry point.
  61:Core/Src/main.c ****   * @retval int
  62:Core/Src/main.c ****   */
  63:Core/Src/main.c **** int main(void)
  64:Core/Src/main.c **** {
  65:Core/Src/main.c ****   /* USER CODE BEGIN 1 */
  66:Core/Src/main.c **** 
  67:Core/Src/main.c ****   /* USER CODE END 1 */
  68:Core/Src/main.c **** 
  69:Core/Src/main.c ****   /* MCU Configuration--------------------------------------------------------*/
  70:Core/Src/main.c **** 
  71:Core/Src/main.c ****   /* Reset of all peripherals, Initializes the Flash interface and the Systick. */
  72:Core/Src/main.c ****   HAL_Init();
  73:Core/Src/main.c **** 
  74:Core/Src/main.c ****   /* USER CODE BEGIN Init */
  75:Core/Src/main.c **** 
  76:Core/Src/main.c ****   /* USER CODE END Init */
  77:Core/Src/main.c **** 
  78:Core/Src/main.c ****   /* Configure the system clock */
  79:Core/Src/main.c ****   SystemClock_Config();
  80:Core/Src/main.c **** 
  81:Core/Src/main.c ****   /* USER CODE BEGIN SysInit */
  82:Core/Src/main.c **** 
  83:Core/Src/main.c ****   /* USER CODE END SysInit */
  84:Core/Src/main.c **** 
  85:Core/Src/main.c ****   /* Initialize all configured peripherals */
  86:Core/Src/main.c ****   MX_GPIO_Init();
  87:Core/Src/main.c ****   /* USER CODE BEGIN 2 */
  88:Core/Src/main.c **** 
ARM GAS  C:\Users\krzys\AppData\Local\Temp\cc2nZOOg.s 			page 3


  89:Core/Src/main.c ****   /* USER CODE END 2 */
  90:Core/Src/main.c **** 
  91:Core/Src/main.c ****   /* Infinite loop */
  92:Core/Src/main.c ****   /* USER CODE BEGIN WHILE */
  93:Core/Src/main.c ****   while (1)
  94:Core/Src/main.c ****   {
  95:Core/Src/main.c ****     /* USER CODE END WHILE */
  96:Core/Src/main.c **** 
  97:Core/Src/main.c ****     /* USER CODE BEGIN 3 */
  98:Core/Src/main.c ****   }
  99:Core/Src/main.c ****   /* USER CODE END 3 */
 100:Core/Src/main.c **** }
 101:Core/Src/main.c **** 
 102:Core/Src/main.c **** /**
 103:Core/Src/main.c ****   * @brief System Clock Configuration
 104:Core/Src/main.c ****   * @retval None
 105:Core/Src/main.c ****   */
 106:Core/Src/main.c **** void SystemClock_Config(void)
 107:Core/Src/main.c **** {
 108:Core/Src/main.c ****   RCC_OscInitTypeDef RCC_OscInitStruct = {0};
 109:Core/Src/main.c ****   RCC_ClkInitTypeDef RCC_ClkInitStruct = {0};
 110:Core/Src/main.c **** 
 111:Core/Src/main.c ****   /** Initializes the RCC Oscillators according to the specified parameters
 112:Core/Src/main.c ****   * in the RCC_OscInitTypeDef structure.
 113:Core/Src/main.c ****   */
 114:Core/Src/main.c ****   RCC_OscInitStruct.OscillatorType = RCC_OSCILLATORTYPE_HSI;
 115:Core/Src/main.c ****   RCC_OscInitStruct.HSIState = RCC_HSI_ON;
 116:Core/Src/main.c ****   RCC_OscInitStruct.HSICalibrationValue = RCC_HSICALIBRATION_DEFAULT;
 117:Core/Src/main.c ****   RCC_OscInitStruct.PLL.PLLState = RCC_PLL_ON;
 118:Core/Src/main.c ****   RCC_OscInitStruct.PLL.PLLSource = RCC_PLLSOURCE_HSI;
 119:Core/Src/main.c ****   RCC_OscInitStruct.PLL.PLLMUL = RCC_PLL_MUL9;
 120:Core/Src/main.c ****   RCC_OscInitStruct.PLL.PREDIV = RCC_PREDIV_DIV1;
 121:Core/Src/main.c ****   if (HAL_RCC_OscConfig(&RCC_OscInitStruct) != HAL_OK)
 122:Core/Src/main.c ****   {
 123:Core/Src/main.c ****     Error_Handler();
 124:Core/Src/main.c ****   }
 125:Core/Src/main.c **** 
 126:Core/Src/main.c ****   /** Initializes the CPU, AHB and APB buses clocks
 127:Core/Src/main.c ****   */
 128:Core/Src/main.c ****   RCC_ClkInitStruct.ClockType = RCC_CLOCKTYPE_HCLK|RCC_CLOCKTYPE_SYSCLK
 129:Core/Src/main.c ****                               |RCC_CLOCKTYPE_PCLK1|RCC_CLOCKTYPE_PCLK2;
 130:Core/Src/main.c ****   RCC_ClkInitStruct.SYSCLKSource = RCC_SYSCLKSOURCE_PLLCLK;
 131:Core/Src/main.c ****   RCC_ClkInitStruct.AHBCLKDivider = RCC_SYSCLK_DIV1;
 132:Core/Src/main.c ****   RCC_ClkInitStruct.APB1CLKDivider = RCC_HCLK_DIV2;
 133:Core/Src/main.c ****   RCC_ClkInitStruct.APB2CLKDivider = RCC_HCLK_DIV1;
 134:Core/Src/main.c **** 
 135:Core/Src/main.c ****   if (HAL_RCC_ClockConfig(&RCC_ClkInitStruct, FLASH_LATENCY_2) != HAL_OK)
 136:Core/Src/main.c ****   {
 137:Core/Src/main.c ****     Error_Handler();
 138:Core/Src/main.c ****   }
 139:Core/Src/main.c **** }
 140:Core/Src/main.c **** 
 141:Core/Src/main.c **** /**
 142:Core/Src/main.c ****   * @brief GPIO Initialization Function
 143:Core/Src/main.c ****   * @param None
 144:Core/Src/main.c ****   * @retval None
 145:Core/Src/main.c ****   */
ARM GAS  C:\Users\krzys\AppData\Local\Temp\cc2nZOOg.s 			page 4


 146:Core/Src/main.c **** static void MX_GPIO_Init(void)
 147:Core/Src/main.c **** {
  28              		.loc 1 147 1 view -0
  29              		.cfi_startproc
  30              		@ args = 0, pretend = 0, frame = 40
  31              		@ frame_needed = 0, uses_anonymous_args = 0
  32 0000 10B5     		push	{r4, lr}
  33              	.LCFI0:
  34              		.cfi_def_cfa_offset 8
  35              		.cfi_offset 4, -8
  36              		.cfi_offset 14, -4
  37 0002 8AB0     		sub	sp, sp, #40
  38              	.LCFI1:
  39              		.cfi_def_cfa_offset 48
 148:Core/Src/main.c ****   GPIO_InitTypeDef GPIO_InitStruct = {0};
  40              		.loc 1 148 3 view .LVU1
  41              		.loc 1 148 20 is_stmt 0 view .LVU2
  42 0004 0024     		movs	r4, #0
  43 0006 0594     		str	r4, [sp, #20]
  44 0008 0694     		str	r4, [sp, #24]
  45 000a 0794     		str	r4, [sp, #28]
  46 000c 0894     		str	r4, [sp, #32]
  47 000e 0994     		str	r4, [sp, #36]
 149:Core/Src/main.c **** 
 150:Core/Src/main.c ****   /* GPIO Ports Clock Enable */
 151:Core/Src/main.c ****   __HAL_RCC_GPIOC_CLK_ENABLE();
  48              		.loc 1 151 3 is_stmt 1 view .LVU3
  49              	.LBB4:
  50              		.loc 1 151 3 view .LVU4
  51              		.loc 1 151 3 view .LVU5
  52 0010 274B     		ldr	r3, .L3
  53 0012 5A69     		ldr	r2, [r3, #20]
  54 0014 42F40022 		orr	r2, r2, #524288
  55 0018 5A61     		str	r2, [r3, #20]
  56              		.loc 1 151 3 view .LVU6
  57 001a 5A69     		ldr	r2, [r3, #20]
  58 001c 02F40022 		and	r2, r2, #524288
  59 0020 0192     		str	r2, [sp, #4]
  60              		.loc 1 151 3 view .LVU7
  61 0022 019A     		ldr	r2, [sp, #4]
  62              	.LBE4:
  63              		.loc 1 151 3 view .LVU8
 152:Core/Src/main.c ****   __HAL_RCC_GPIOF_CLK_ENABLE();
  64              		.loc 1 152 3 view .LVU9
  65              	.LBB5:
  66              		.loc 1 152 3 view .LVU10
  67              		.loc 1 152 3 view .LVU11
  68 0024 5A69     		ldr	r2, [r3, #20]
  69 0026 42F48002 		orr	r2, r2, #4194304
  70 002a 5A61     		str	r2, [r3, #20]
  71              		.loc 1 152 3 view .LVU12
  72 002c 5A69     		ldr	r2, [r3, #20]
  73 002e 02F48002 		and	r2, r2, #4194304
  74 0032 0292     		str	r2, [sp, #8]
  75              		.loc 1 152 3 view .LVU13
  76 0034 029A     		ldr	r2, [sp, #8]
  77              	.LBE5:
ARM GAS  C:\Users\krzys\AppData\Local\Temp\cc2nZOOg.s 			page 5


  78              		.loc 1 152 3 view .LVU14
 153:Core/Src/main.c ****   __HAL_RCC_GPIOA_CLK_ENABLE();
  79              		.loc 1 153 3 view .LVU15
  80              	.LBB6:
  81              		.loc 1 153 3 view .LVU16
  82              		.loc 1 153 3 view .LVU17
  83 0036 5A69     		ldr	r2, [r3, #20]
  84 0038 42F40032 		orr	r2, r2, #131072
  85 003c 5A61     		str	r2, [r3, #20]
  86              		.loc 1 153 3 view .LVU18
  87 003e 5A69     		ldr	r2, [r3, #20]
  88 0040 02F40032 		and	r2, r2, #131072
  89 0044 0392     		str	r2, [sp, #12]
  90              		.loc 1 153 3 view .LVU19
  91 0046 039A     		ldr	r2, [sp, #12]
  92              	.LBE6:
  93              		.loc 1 153 3 view .LVU20
 154:Core/Src/main.c ****   __HAL_RCC_GPIOB_CLK_ENABLE();
  94              		.loc 1 154 3 view .LVU21
  95              	.LBB7:
  96              		.loc 1 154 3 view .LVU22
  97              		.loc 1 154 3 view .LVU23
  98 0048 5A69     		ldr	r2, [r3, #20]
  99 004a 42F48022 		orr	r2, r2, #262144
 100 004e 5A61     		str	r2, [r3, #20]
 101              		.loc 1 154 3 view .LVU24
 102 0050 5B69     		ldr	r3, [r3, #20]
 103 0052 03F48023 		and	r3, r3, #262144
 104 0056 0493     		str	r3, [sp, #16]
 105              		.loc 1 154 3 view .LVU25
 106 0058 049B     		ldr	r3, [sp, #16]
 107              	.LBE7:
 108              		.loc 1 154 3 view .LVU26
 155:Core/Src/main.c **** 
 156:Core/Src/main.c ****   /*Configure GPIO pin Output Level */
 157:Core/Src/main.c ****   HAL_GPIO_WritePin(LD2_GPIO_Port, LD2_Pin, GPIO_PIN_RESET);
 109              		.loc 1 157 3 view .LVU27
 110 005a 2246     		mov	r2, r4
 111 005c 2021     		movs	r1, #32
 112 005e 4FF09040 		mov	r0, #1207959552
 113 0062 FFF7FEFF 		bl	HAL_GPIO_WritePin
 114              	.LVL0:
 158:Core/Src/main.c **** 
 159:Core/Src/main.c ****   /*Configure GPIO pin : B1_Pin */
 160:Core/Src/main.c ****   GPIO_InitStruct.Pin = B1_Pin;
 115              		.loc 1 160 3 view .LVU28
 116              		.loc 1 160 23 is_stmt 0 view .LVU29
 117 0066 4FF40053 		mov	r3, #8192
 118 006a 0593     		str	r3, [sp, #20]
 161:Core/Src/main.c ****   GPIO_InitStruct.Mode = GPIO_MODE_IT_FALLING;
 119              		.loc 1 161 3 is_stmt 1 view .LVU30
 120              		.loc 1 161 24 is_stmt 0 view .LVU31
 121 006c 4FF40413 		mov	r3, #2162688
 122 0070 0693     		str	r3, [sp, #24]
 162:Core/Src/main.c ****   GPIO_InitStruct.Pull = GPIO_NOPULL;
 123              		.loc 1 162 3 is_stmt 1 view .LVU32
 124              		.loc 1 162 24 is_stmt 0 view .LVU33
ARM GAS  C:\Users\krzys\AppData\Local\Temp\cc2nZOOg.s 			page 6


 125 0072 0794     		str	r4, [sp, #28]
 163:Core/Src/main.c ****   HAL_GPIO_Init(B1_GPIO_Port, &GPIO_InitStruct);
 126              		.loc 1 163 3 is_stmt 1 view .LVU34
 127 0074 05A9     		add	r1, sp, #20
 128 0076 0F48     		ldr	r0, .L3+4
 129 0078 FFF7FEFF 		bl	HAL_GPIO_Init
 130              	.LVL1:
 164:Core/Src/main.c **** 
 165:Core/Src/main.c ****   /*Configure GPIO pins : USART_TX_Pin USART_RX_Pin */
 166:Core/Src/main.c ****   GPIO_InitStruct.Pin = USART_TX_Pin|USART_RX_Pin;
 131              		.loc 1 166 3 view .LVU35
 132              		.loc 1 166 23 is_stmt 0 view .LVU36
 133 007c 0C23     		movs	r3, #12
 134 007e 0593     		str	r3, [sp, #20]
 167:Core/Src/main.c ****   GPIO_InitStruct.Mode = GPIO_MODE_AF_PP;
 135              		.loc 1 167 3 is_stmt 1 view .LVU37
 136              		.loc 1 167 24 is_stmt 0 view .LVU38
 137 0080 0223     		movs	r3, #2
 138 0082 0693     		str	r3, [sp, #24]
 168:Core/Src/main.c ****   GPIO_InitStruct.Pull = GPIO_NOPULL;
 139              		.loc 1 168 3 is_stmt 1 view .LVU39
 140              		.loc 1 168 24 is_stmt 0 view .LVU40
 141 0084 0794     		str	r4, [sp, #28]
 169:Core/Src/main.c ****   GPIO_InitStruct.Speed = GPIO_SPEED_FREQ_LOW;
 142              		.loc 1 169 3 is_stmt 1 view .LVU41
 143              		.loc 1 169 25 is_stmt 0 view .LVU42
 144 0086 0894     		str	r4, [sp, #32]
 170:Core/Src/main.c ****   GPIO_InitStruct.Alternate = GPIO_AF7_USART2;
 145              		.loc 1 170 3 is_stmt 1 view .LVU43
 146              		.loc 1 170 29 is_stmt 0 view .LVU44
 147 0088 0723     		movs	r3, #7
 148 008a 0993     		str	r3, [sp, #36]
 171:Core/Src/main.c ****   HAL_GPIO_Init(GPIOA, &GPIO_InitStruct);
 149              		.loc 1 171 3 is_stmt 1 view .LVU45
 150 008c 05A9     		add	r1, sp, #20
 151 008e 4FF09040 		mov	r0, #1207959552
 152 0092 FFF7FEFF 		bl	HAL_GPIO_Init
 153              	.LVL2:
 172:Core/Src/main.c **** 
 173:Core/Src/main.c ****   /*Configure GPIO pin : LD2_Pin */
 174:Core/Src/main.c ****   GPIO_InitStruct.Pin = LD2_Pin;
 154              		.loc 1 174 3 view .LVU46
 155              		.loc 1 174 23 is_stmt 0 view .LVU47
 156 0096 2023     		movs	r3, #32
 157 0098 0593     		str	r3, [sp, #20]
 175:Core/Src/main.c ****   GPIO_InitStruct.Mode = GPIO_MODE_OUTPUT_PP;
 158              		.loc 1 175 3 is_stmt 1 view .LVU48
 159              		.loc 1 175 24 is_stmt 0 view .LVU49
 160 009a 0123     		movs	r3, #1
 161 009c 0693     		str	r3, [sp, #24]
 176:Core/Src/main.c ****   GPIO_InitStruct.Pull = GPIO_NOPULL;
 162              		.loc 1 176 3 is_stmt 1 view .LVU50
 163              		.loc 1 176 24 is_stmt 0 view .LVU51
 164 009e 0794     		str	r4, [sp, #28]
 177:Core/Src/main.c ****   GPIO_InitStruct.Speed = GPIO_SPEED_FREQ_LOW;
 165              		.loc 1 177 3 is_stmt 1 view .LVU52
 166              		.loc 1 177 25 is_stmt 0 view .LVU53
ARM GAS  C:\Users\krzys\AppData\Local\Temp\cc2nZOOg.s 			page 7


 167 00a0 0894     		str	r4, [sp, #32]
 178:Core/Src/main.c ****   HAL_GPIO_Init(LD2_GPIO_Port, &GPIO_InitStruct);
 168              		.loc 1 178 3 is_stmt 1 view .LVU54
 169 00a2 05A9     		add	r1, sp, #20
 170 00a4 4FF09040 		mov	r0, #1207959552
 171 00a8 FFF7FEFF 		bl	HAL_GPIO_Init
 172              	.LVL3:
 179:Core/Src/main.c **** 
 180:Core/Src/main.c **** }
 173              		.loc 1 180 1 is_stmt 0 view .LVU55
 174 00ac 0AB0     		add	sp, sp, #40
 175              	.LCFI2:
 176              		.cfi_def_cfa_offset 8
 177              		@ sp needed
 178 00ae 10BD     		pop	{r4, pc}
 179              	.L4:
 180              		.align	2
 181              	.L3:
 182 00b0 00100240 		.word	1073876992
 183 00b4 00080048 		.word	1207961600
 184              		.cfi_endproc
 185              	.LFE132:
 187              		.section	.text.HAL_SYSTICK_Callback,"ax",%progbits
 188              		.align	1
 189              		.global	HAL_SYSTICK_Callback
 190              		.syntax unified
 191              		.thumb
 192              		.thumb_func
 194              	HAL_SYSTICK_Callback:
 195              	.LFB133:
 181:Core/Src/main.c **** 
 182:Core/Src/main.c **** /* USER CODE BEGIN 4 */
 183:Core/Src/main.c **** void HAL_SYSTICK_Callback()
 184:Core/Src/main.c **** {
 196              		.loc 1 184 1 is_stmt 1 view -0
 197              		.cfi_startproc
 198              		@ args = 0, pretend = 0, frame = 0
 199              		@ frame_needed = 0, uses_anonymous_args = 0
 200 0000 08B5     		push	{r3, lr}
 201              	.LCFI3:
 202              		.cfi_def_cfa_offset 8
 203              		.cfi_offset 3, -8
 204              		.cfi_offset 14, -4
 185:Core/Src/main.c **** 	t++;
 205              		.loc 1 185 2 view .LVU57
 206              		.loc 1 185 3 is_stmt 0 view .LVU58
 207 0002 0B4A     		ldr	r2, .L9
 208 0004 1388     		ldrh	r3, [r2]
 209 0006 0133     		adds	r3, r3, #1
 210 0008 9BB2     		uxth	r3, r3
 211 000a 1380     		strh	r3, [r2]	@ movhi
 186:Core/Src/main.c **** 	if(t>1000)
 212              		.loc 1 186 2 is_stmt 1 view .LVU59
 213              		.loc 1 186 4 is_stmt 0 view .LVU60
 214 000c B3F57A7F 		cmp	r3, #1000
 215 0010 00D8     		bhi	.L8
 216              	.L5:
ARM GAS  C:\Users\krzys\AppData\Local\Temp\cc2nZOOg.s 			page 8


 187:Core/Src/main.c **** 	{
 188:Core/Src/main.c **** 		HAL_GPIO_TogglePin(LD2_GPIO_Port,LD2_Pin);
 189:Core/Src/main.c **** 		t = 0;
 190:Core/Src/main.c **** 		cnt++;
 191:Core/Src/main.c **** 	}
 192:Core/Src/main.c **** }
 217              		.loc 1 192 1 view .LVU61
 218 0012 08BD     		pop	{r3, pc}
 219              	.L8:
 188:Core/Src/main.c **** 		t = 0;
 220              		.loc 1 188 3 is_stmt 1 view .LVU62
 221 0014 2021     		movs	r1, #32
 222 0016 4FF09040 		mov	r0, #1207959552
 223 001a FFF7FEFF 		bl	HAL_GPIO_TogglePin
 224              	.LVL4:
 189:Core/Src/main.c **** 		cnt++;
 225              		.loc 1 189 3 view .LVU63
 189:Core/Src/main.c **** 		cnt++;
 226              		.loc 1 189 5 is_stmt 0 view .LVU64
 227 001e 044B     		ldr	r3, .L9
 228 0020 0022     		movs	r2, #0
 229 0022 1A80     		strh	r2, [r3]	@ movhi
 190:Core/Src/main.c **** 	}
 230              		.loc 1 190 3 is_stmt 1 view .LVU65
 190:Core/Src/main.c **** 	}
 231              		.loc 1 190 6 is_stmt 0 view .LVU66
 232 0024 034A     		ldr	r2, .L9+4
 233 0026 1388     		ldrh	r3, [r2]
 234 0028 0133     		adds	r3, r3, #1
 235 002a 1380     		strh	r3, [r2]	@ movhi
 236              		.loc 1 192 1 view .LVU67
 237 002c F1E7     		b	.L5
 238              	.L10:
 239 002e 00BF     		.align	2
 240              	.L9:
 241 0030 00000000 		.word	.LANCHOR0
 242 0034 00000000 		.word	.LANCHOR1
 243              		.cfi_endproc
 244              	.LFE133:
 246              		.section	.text.Error_Handler,"ax",%progbits
 247              		.align	1
 248              		.global	Error_Handler
 249              		.syntax unified
 250              		.thumb
 251              		.thumb_func
 253              	Error_Handler:
 254              	.LFB134:
 193:Core/Src/main.c **** /* USER CODE END 4 */
 194:Core/Src/main.c **** 
 195:Core/Src/main.c **** /**
 196:Core/Src/main.c ****   * @brief  This function is executed in case of error occurrence.
 197:Core/Src/main.c ****   * @retval None
 198:Core/Src/main.c ****   */
 199:Core/Src/main.c **** void Error_Handler(void)
 200:Core/Src/main.c **** {
 255              		.loc 1 200 1 is_stmt 1 view -0
 256              		.cfi_startproc
ARM GAS  C:\Users\krzys\AppData\Local\Temp\cc2nZOOg.s 			page 9


 257              		@ Volatile: function does not return.
 258              		@ args = 0, pretend = 0, frame = 0
 259              		@ frame_needed = 0, uses_anonymous_args = 0
 260              		@ link register save eliminated.
 201:Core/Src/main.c ****   /* USER CODE BEGIN Error_Handler_Debug */
 202:Core/Src/main.c ****   /* User can add his own implementation to report the HAL error return state */
 203:Core/Src/main.c ****   __disable_irq();
 261              		.loc 1 203 3 view .LVU69
 262              	.LBB8:
 263              	.LBI8:
 264              		.file 2 "Drivers/CMSIS/Include/cmsis_gcc.h"
   1:Drivers/CMSIS/Include/cmsis_gcc.h **** /**************************************************************************//**
   2:Drivers/CMSIS/Include/cmsis_gcc.h ****  * @file     cmsis_gcc.h
   3:Drivers/CMSIS/Include/cmsis_gcc.h ****  * @brief    CMSIS compiler GCC header file
   4:Drivers/CMSIS/Include/cmsis_gcc.h ****  * @version  V5.0.4
   5:Drivers/CMSIS/Include/cmsis_gcc.h ****  * @date     09. April 2018
   6:Drivers/CMSIS/Include/cmsis_gcc.h ****  ******************************************************************************/
   7:Drivers/CMSIS/Include/cmsis_gcc.h **** /*
   8:Drivers/CMSIS/Include/cmsis_gcc.h ****  * Copyright (c) 2009-2018 Arm Limited. All rights reserved.
   9:Drivers/CMSIS/Include/cmsis_gcc.h ****  *
  10:Drivers/CMSIS/Include/cmsis_gcc.h ****  * SPDX-License-Identifier: Apache-2.0
  11:Drivers/CMSIS/Include/cmsis_gcc.h ****  *
  12:Drivers/CMSIS/Include/cmsis_gcc.h ****  * Licensed under the Apache License, Version 2.0 (the License); you may
  13:Drivers/CMSIS/Include/cmsis_gcc.h ****  * not use this file except in compliance with the License.
  14:Drivers/CMSIS/Include/cmsis_gcc.h ****  * You may obtain a copy of the License at
  15:Drivers/CMSIS/Include/cmsis_gcc.h ****  *
  16:Drivers/CMSIS/Include/cmsis_gcc.h ****  * www.apache.org/licenses/LICENSE-2.0
  17:Drivers/CMSIS/Include/cmsis_gcc.h ****  *
  18:Drivers/CMSIS/Include/cmsis_gcc.h ****  * Unless required by applicable law or agreed to in writing, software
  19:Drivers/CMSIS/Include/cmsis_gcc.h ****  * distributed under the License is distributed on an AS IS BASIS, WITHOUT
  20:Drivers/CMSIS/Include/cmsis_gcc.h ****  * WARRANTIES OR CONDITIONS OF ANY KIND, either express or implied.
  21:Drivers/CMSIS/Include/cmsis_gcc.h ****  * See the License for the specific language governing permissions and
  22:Drivers/CMSIS/Include/cmsis_gcc.h ****  * limitations under the License.
  23:Drivers/CMSIS/Include/cmsis_gcc.h ****  */
  24:Drivers/CMSIS/Include/cmsis_gcc.h **** 
  25:Drivers/CMSIS/Include/cmsis_gcc.h **** #ifndef __CMSIS_GCC_H
  26:Drivers/CMSIS/Include/cmsis_gcc.h **** #define __CMSIS_GCC_H
  27:Drivers/CMSIS/Include/cmsis_gcc.h **** 
  28:Drivers/CMSIS/Include/cmsis_gcc.h **** /* ignore some GCC warnings */
  29:Drivers/CMSIS/Include/cmsis_gcc.h **** #pragma GCC diagnostic push
  30:Drivers/CMSIS/Include/cmsis_gcc.h **** #pragma GCC diagnostic ignored "-Wsign-conversion"
  31:Drivers/CMSIS/Include/cmsis_gcc.h **** #pragma GCC diagnostic ignored "-Wconversion"
  32:Drivers/CMSIS/Include/cmsis_gcc.h **** #pragma GCC diagnostic ignored "-Wunused-parameter"
  33:Drivers/CMSIS/Include/cmsis_gcc.h **** 
  34:Drivers/CMSIS/Include/cmsis_gcc.h **** /* Fallback for __has_builtin */
  35:Drivers/CMSIS/Include/cmsis_gcc.h **** #ifndef __has_builtin
  36:Drivers/CMSIS/Include/cmsis_gcc.h ****   #define __has_builtin(x) (0)
  37:Drivers/CMSIS/Include/cmsis_gcc.h **** #endif
  38:Drivers/CMSIS/Include/cmsis_gcc.h **** 
  39:Drivers/CMSIS/Include/cmsis_gcc.h **** /* CMSIS compiler specific defines */
  40:Drivers/CMSIS/Include/cmsis_gcc.h **** #ifndef   __ASM
  41:Drivers/CMSIS/Include/cmsis_gcc.h ****   #define __ASM                                  __asm
  42:Drivers/CMSIS/Include/cmsis_gcc.h **** #endif
  43:Drivers/CMSIS/Include/cmsis_gcc.h **** #ifndef   __INLINE
  44:Drivers/CMSIS/Include/cmsis_gcc.h ****   #define __INLINE                               inline
  45:Drivers/CMSIS/Include/cmsis_gcc.h **** #endif
  46:Drivers/CMSIS/Include/cmsis_gcc.h **** #ifndef   __STATIC_INLINE
ARM GAS  C:\Users\krzys\AppData\Local\Temp\cc2nZOOg.s 			page 10


  47:Drivers/CMSIS/Include/cmsis_gcc.h ****   #define __STATIC_INLINE                        static inline
  48:Drivers/CMSIS/Include/cmsis_gcc.h **** #endif
  49:Drivers/CMSIS/Include/cmsis_gcc.h **** #ifndef   __STATIC_FORCEINLINE                 
  50:Drivers/CMSIS/Include/cmsis_gcc.h ****   #define __STATIC_FORCEINLINE                   __attribute__((always_inline)) static inline
  51:Drivers/CMSIS/Include/cmsis_gcc.h **** #endif                                           
  52:Drivers/CMSIS/Include/cmsis_gcc.h **** #ifndef   __NO_RETURN
  53:Drivers/CMSIS/Include/cmsis_gcc.h ****   #define __NO_RETURN                            __attribute__((__noreturn__))
  54:Drivers/CMSIS/Include/cmsis_gcc.h **** #endif
  55:Drivers/CMSIS/Include/cmsis_gcc.h **** #ifndef   __USED
  56:Drivers/CMSIS/Include/cmsis_gcc.h ****   #define __USED                                 __attribute__((used))
  57:Drivers/CMSIS/Include/cmsis_gcc.h **** #endif
  58:Drivers/CMSIS/Include/cmsis_gcc.h **** #ifndef   __WEAK
  59:Drivers/CMSIS/Include/cmsis_gcc.h ****   #define __WEAK                                 __attribute__((weak))
  60:Drivers/CMSIS/Include/cmsis_gcc.h **** #endif
  61:Drivers/CMSIS/Include/cmsis_gcc.h **** #ifndef   __PACKED
  62:Drivers/CMSIS/Include/cmsis_gcc.h ****   #define __PACKED                               __attribute__((packed, aligned(1)))
  63:Drivers/CMSIS/Include/cmsis_gcc.h **** #endif
  64:Drivers/CMSIS/Include/cmsis_gcc.h **** #ifndef   __PACKED_STRUCT
  65:Drivers/CMSIS/Include/cmsis_gcc.h ****   #define __PACKED_STRUCT                        struct __attribute__((packed, aligned(1)))
  66:Drivers/CMSIS/Include/cmsis_gcc.h **** #endif
  67:Drivers/CMSIS/Include/cmsis_gcc.h **** #ifndef   __PACKED_UNION
  68:Drivers/CMSIS/Include/cmsis_gcc.h ****   #define __PACKED_UNION                         union __attribute__((packed, aligned(1)))
  69:Drivers/CMSIS/Include/cmsis_gcc.h **** #endif
  70:Drivers/CMSIS/Include/cmsis_gcc.h **** #ifndef   __UNALIGNED_UINT32        /* deprecated */
  71:Drivers/CMSIS/Include/cmsis_gcc.h ****   #pragma GCC diagnostic push
  72:Drivers/CMSIS/Include/cmsis_gcc.h ****   #pragma GCC diagnostic ignored "-Wpacked"
  73:Drivers/CMSIS/Include/cmsis_gcc.h ****   #pragma GCC diagnostic ignored "-Wattributes"
  74:Drivers/CMSIS/Include/cmsis_gcc.h ****   struct __attribute__((packed)) T_UINT32 { uint32_t v; };
  75:Drivers/CMSIS/Include/cmsis_gcc.h ****   #pragma GCC diagnostic pop
  76:Drivers/CMSIS/Include/cmsis_gcc.h ****   #define __UNALIGNED_UINT32(x)                  (((struct T_UINT32 *)(x))->v)
  77:Drivers/CMSIS/Include/cmsis_gcc.h **** #endif
  78:Drivers/CMSIS/Include/cmsis_gcc.h **** #ifndef   __UNALIGNED_UINT16_WRITE
  79:Drivers/CMSIS/Include/cmsis_gcc.h ****   #pragma GCC diagnostic push
  80:Drivers/CMSIS/Include/cmsis_gcc.h ****   #pragma GCC diagnostic ignored "-Wpacked"
  81:Drivers/CMSIS/Include/cmsis_gcc.h ****   #pragma GCC diagnostic ignored "-Wattributes"
  82:Drivers/CMSIS/Include/cmsis_gcc.h ****   __PACKED_STRUCT T_UINT16_WRITE { uint16_t v; };
  83:Drivers/CMSIS/Include/cmsis_gcc.h ****   #pragma GCC diagnostic pop
  84:Drivers/CMSIS/Include/cmsis_gcc.h ****   #define __UNALIGNED_UINT16_WRITE(addr, val)    (void)((((struct T_UINT16_WRITE *)(void *)(addr))-
  85:Drivers/CMSIS/Include/cmsis_gcc.h **** #endif
  86:Drivers/CMSIS/Include/cmsis_gcc.h **** #ifndef   __UNALIGNED_UINT16_READ
  87:Drivers/CMSIS/Include/cmsis_gcc.h ****   #pragma GCC diagnostic push
  88:Drivers/CMSIS/Include/cmsis_gcc.h ****   #pragma GCC diagnostic ignored "-Wpacked"
  89:Drivers/CMSIS/Include/cmsis_gcc.h ****   #pragma GCC diagnostic ignored "-Wattributes"
  90:Drivers/CMSIS/Include/cmsis_gcc.h ****   __PACKED_STRUCT T_UINT16_READ { uint16_t v; };
  91:Drivers/CMSIS/Include/cmsis_gcc.h ****   #pragma GCC diagnostic pop
  92:Drivers/CMSIS/Include/cmsis_gcc.h ****   #define __UNALIGNED_UINT16_READ(addr)          (((const struct T_UINT16_READ *)(const void *)(add
  93:Drivers/CMSIS/Include/cmsis_gcc.h **** #endif
  94:Drivers/CMSIS/Include/cmsis_gcc.h **** #ifndef   __UNALIGNED_UINT32_WRITE
  95:Drivers/CMSIS/Include/cmsis_gcc.h ****   #pragma GCC diagnostic push
  96:Drivers/CMSIS/Include/cmsis_gcc.h ****   #pragma GCC diagnostic ignored "-Wpacked"
  97:Drivers/CMSIS/Include/cmsis_gcc.h ****   #pragma GCC diagnostic ignored "-Wattributes"
  98:Drivers/CMSIS/Include/cmsis_gcc.h ****   __PACKED_STRUCT T_UINT32_WRITE { uint32_t v; };
  99:Drivers/CMSIS/Include/cmsis_gcc.h ****   #pragma GCC diagnostic pop
 100:Drivers/CMSIS/Include/cmsis_gcc.h ****   #define __UNALIGNED_UINT32_WRITE(addr, val)    (void)((((struct T_UINT32_WRITE *)(void *)(addr))-
 101:Drivers/CMSIS/Include/cmsis_gcc.h **** #endif
 102:Drivers/CMSIS/Include/cmsis_gcc.h **** #ifndef   __UNALIGNED_UINT32_READ
 103:Drivers/CMSIS/Include/cmsis_gcc.h ****   #pragma GCC diagnostic push
ARM GAS  C:\Users\krzys\AppData\Local\Temp\cc2nZOOg.s 			page 11


 104:Drivers/CMSIS/Include/cmsis_gcc.h ****   #pragma GCC diagnostic ignored "-Wpacked"
 105:Drivers/CMSIS/Include/cmsis_gcc.h ****   #pragma GCC diagnostic ignored "-Wattributes"
 106:Drivers/CMSIS/Include/cmsis_gcc.h ****   __PACKED_STRUCT T_UINT32_READ { uint32_t v; };
 107:Drivers/CMSIS/Include/cmsis_gcc.h ****   #pragma GCC diagnostic pop
 108:Drivers/CMSIS/Include/cmsis_gcc.h ****   #define __UNALIGNED_UINT32_READ(addr)          (((const struct T_UINT32_READ *)(const void *)(add
 109:Drivers/CMSIS/Include/cmsis_gcc.h **** #endif
 110:Drivers/CMSIS/Include/cmsis_gcc.h **** #ifndef   __ALIGNED
 111:Drivers/CMSIS/Include/cmsis_gcc.h ****   #define __ALIGNED(x)                           __attribute__((aligned(x)))
 112:Drivers/CMSIS/Include/cmsis_gcc.h **** #endif
 113:Drivers/CMSIS/Include/cmsis_gcc.h **** #ifndef   __RESTRICT
 114:Drivers/CMSIS/Include/cmsis_gcc.h ****   #define __RESTRICT                             __restrict
 115:Drivers/CMSIS/Include/cmsis_gcc.h **** #endif
 116:Drivers/CMSIS/Include/cmsis_gcc.h **** 
 117:Drivers/CMSIS/Include/cmsis_gcc.h **** 
 118:Drivers/CMSIS/Include/cmsis_gcc.h **** /* ###########################  Core Function Access  ########################### */
 119:Drivers/CMSIS/Include/cmsis_gcc.h **** /** \ingroup  CMSIS_Core_FunctionInterface
 120:Drivers/CMSIS/Include/cmsis_gcc.h ****     \defgroup CMSIS_Core_RegAccFunctions CMSIS Core Register Access Functions
 121:Drivers/CMSIS/Include/cmsis_gcc.h ****   @{
 122:Drivers/CMSIS/Include/cmsis_gcc.h ****  */
 123:Drivers/CMSIS/Include/cmsis_gcc.h **** 
 124:Drivers/CMSIS/Include/cmsis_gcc.h **** /**
 125:Drivers/CMSIS/Include/cmsis_gcc.h ****   \brief   Enable IRQ Interrupts
 126:Drivers/CMSIS/Include/cmsis_gcc.h ****   \details Enables IRQ interrupts by clearing the I-bit in the CPSR.
 127:Drivers/CMSIS/Include/cmsis_gcc.h ****            Can only be executed in Privileged modes.
 128:Drivers/CMSIS/Include/cmsis_gcc.h ****  */
 129:Drivers/CMSIS/Include/cmsis_gcc.h **** __STATIC_FORCEINLINE void __enable_irq(void)
 130:Drivers/CMSIS/Include/cmsis_gcc.h **** {
 131:Drivers/CMSIS/Include/cmsis_gcc.h ****   __ASM volatile ("cpsie i" : : : "memory");
 132:Drivers/CMSIS/Include/cmsis_gcc.h **** }
 133:Drivers/CMSIS/Include/cmsis_gcc.h **** 
 134:Drivers/CMSIS/Include/cmsis_gcc.h **** 
 135:Drivers/CMSIS/Include/cmsis_gcc.h **** /**
 136:Drivers/CMSIS/Include/cmsis_gcc.h ****   \brief   Disable IRQ Interrupts
 137:Drivers/CMSIS/Include/cmsis_gcc.h ****   \details Disables IRQ interrupts by setting the I-bit in the CPSR.
 138:Drivers/CMSIS/Include/cmsis_gcc.h ****            Can only be executed in Privileged modes.
 139:Drivers/CMSIS/Include/cmsis_gcc.h ****  */
 140:Drivers/CMSIS/Include/cmsis_gcc.h **** __STATIC_FORCEINLINE void __disable_irq(void)
 265              		.loc 2 140 27 view .LVU70
 266              	.LBB9:
 141:Drivers/CMSIS/Include/cmsis_gcc.h **** {
 142:Drivers/CMSIS/Include/cmsis_gcc.h ****   __ASM volatile ("cpsid i" : : : "memory");
 267              		.loc 2 142 3 view .LVU71
 268              		.syntax unified
 269              	@ 142 "Drivers/CMSIS/Include/cmsis_gcc.h" 1
 270 0000 72B6     		cpsid i
 271              	@ 0 "" 2
 272              		.thumb
 273              		.syntax unified
 274              	.L12:
 275              	.LBE9:
 276              	.LBE8:
 204:Core/Src/main.c ****   while (1)
 277              		.loc 1 204 3 discriminator 1 view .LVU72
 205:Core/Src/main.c ****   {
 206:Core/Src/main.c ****   }
 278              		.loc 1 206 3 discriminator 1 view .LVU73
 204:Core/Src/main.c ****   while (1)
ARM GAS  C:\Users\krzys\AppData\Local\Temp\cc2nZOOg.s 			page 12


 279              		.loc 1 204 9 discriminator 1 view .LVU74
 280 0002 FEE7     		b	.L12
 281              		.cfi_endproc
 282              	.LFE134:
 284              		.section	.text.SystemClock_Config,"ax",%progbits
 285              		.align	1
 286              		.global	SystemClock_Config
 287              		.syntax unified
 288              		.thumb
 289              		.thumb_func
 291              	SystemClock_Config:
 292              	.LFB131:
 107:Core/Src/main.c ****   RCC_OscInitTypeDef RCC_OscInitStruct = {0};
 293              		.loc 1 107 1 view -0
 294              		.cfi_startproc
 295              		@ args = 0, pretend = 0, frame = 64
 296              		@ frame_needed = 0, uses_anonymous_args = 0
 297 0000 00B5     		push	{lr}
 298              	.LCFI4:
 299              		.cfi_def_cfa_offset 4
 300              		.cfi_offset 14, -4
 301 0002 91B0     		sub	sp, sp, #68
 302              	.LCFI5:
 303              		.cfi_def_cfa_offset 72
 108:Core/Src/main.c ****   RCC_ClkInitTypeDef RCC_ClkInitStruct = {0};
 304              		.loc 1 108 3 view .LVU76
 108:Core/Src/main.c ****   RCC_ClkInitTypeDef RCC_ClkInitStruct = {0};
 305              		.loc 1 108 22 is_stmt 0 view .LVU77
 306 0004 2822     		movs	r2, #40
 307 0006 0021     		movs	r1, #0
 308 0008 06A8     		add	r0, sp, #24
 309 000a FFF7FEFF 		bl	memset
 310              	.LVL5:
 109:Core/Src/main.c **** 
 311              		.loc 1 109 3 is_stmt 1 view .LVU78
 109:Core/Src/main.c **** 
 312              		.loc 1 109 22 is_stmt 0 view .LVU79
 313 000e 0023     		movs	r3, #0
 314 0010 0193     		str	r3, [sp, #4]
 315 0012 0293     		str	r3, [sp, #8]
 316 0014 0393     		str	r3, [sp, #12]
 317 0016 0493     		str	r3, [sp, #16]
 318 0018 0593     		str	r3, [sp, #20]
 114:Core/Src/main.c ****   RCC_OscInitStruct.HSIState = RCC_HSI_ON;
 319              		.loc 1 114 3 is_stmt 1 view .LVU80
 114:Core/Src/main.c ****   RCC_OscInitStruct.HSIState = RCC_HSI_ON;
 320              		.loc 1 114 36 is_stmt 0 view .LVU81
 321 001a 0223     		movs	r3, #2
 322 001c 0693     		str	r3, [sp, #24]
 115:Core/Src/main.c ****   RCC_OscInitStruct.HSICalibrationValue = RCC_HSICALIBRATION_DEFAULT;
 323              		.loc 1 115 3 is_stmt 1 view .LVU82
 115:Core/Src/main.c ****   RCC_OscInitStruct.HSICalibrationValue = RCC_HSICALIBRATION_DEFAULT;
 324              		.loc 1 115 30 is_stmt 0 view .LVU83
 325 001e 0122     		movs	r2, #1
 326 0020 0992     		str	r2, [sp, #36]
 116:Core/Src/main.c ****   RCC_OscInitStruct.PLL.PLLState = RCC_PLL_ON;
 327              		.loc 1 116 3 is_stmt 1 view .LVU84
ARM GAS  C:\Users\krzys\AppData\Local\Temp\cc2nZOOg.s 			page 13


 116:Core/Src/main.c ****   RCC_OscInitStruct.PLL.PLLState = RCC_PLL_ON;
 328              		.loc 1 116 41 is_stmt 0 view .LVU85
 329 0022 1022     		movs	r2, #16
 330 0024 0A92     		str	r2, [sp, #40]
 117:Core/Src/main.c ****   RCC_OscInitStruct.PLL.PLLSource = RCC_PLLSOURCE_HSI;
 331              		.loc 1 117 3 is_stmt 1 view .LVU86
 117:Core/Src/main.c ****   RCC_OscInitStruct.PLL.PLLSource = RCC_PLLSOURCE_HSI;
 332              		.loc 1 117 34 is_stmt 0 view .LVU87
 333 0026 0C93     		str	r3, [sp, #48]
 118:Core/Src/main.c ****   RCC_OscInitStruct.PLL.PLLMUL = RCC_PLL_MUL9;
 334              		.loc 1 118 3 is_stmt 1 view .LVU88
 118:Core/Src/main.c ****   RCC_OscInitStruct.PLL.PLLMUL = RCC_PLL_MUL9;
 335              		.loc 1 118 35 is_stmt 0 view .LVU89
 336 0028 4FF40043 		mov	r3, #32768
 337 002c 0D93     		str	r3, [sp, #52]
 119:Core/Src/main.c ****   RCC_OscInitStruct.PLL.PREDIV = RCC_PREDIV_DIV1;
 338              		.loc 1 119 3 is_stmt 1 view .LVU90
 119:Core/Src/main.c ****   RCC_OscInitStruct.PLL.PREDIV = RCC_PREDIV_DIV1;
 339              		.loc 1 119 32 is_stmt 0 view .LVU91
 340 002e 4FF4E013 		mov	r3, #1835008
 341 0032 0E93     		str	r3, [sp, #56]
 120:Core/Src/main.c ****   if (HAL_RCC_OscConfig(&RCC_OscInitStruct) != HAL_OK)
 342              		.loc 1 120 3 is_stmt 1 view .LVU92
 121:Core/Src/main.c ****   {
 343              		.loc 1 121 3 view .LVU93
 121:Core/Src/main.c ****   {
 344              		.loc 1 121 7 is_stmt 0 view .LVU94
 345 0034 06A8     		add	r0, sp, #24
 346 0036 FFF7FEFF 		bl	HAL_RCC_OscConfig
 347              	.LVL6:
 121:Core/Src/main.c ****   {
 348              		.loc 1 121 6 view .LVU95
 349 003a 80B9     		cbnz	r0, .L17
 128:Core/Src/main.c ****                               |RCC_CLOCKTYPE_PCLK1|RCC_CLOCKTYPE_PCLK2;
 350              		.loc 1 128 3 is_stmt 1 view .LVU96
 128:Core/Src/main.c ****                               |RCC_CLOCKTYPE_PCLK1|RCC_CLOCKTYPE_PCLK2;
 351              		.loc 1 128 31 is_stmt 0 view .LVU97
 352 003c 0F23     		movs	r3, #15
 353 003e 0193     		str	r3, [sp, #4]
 130:Core/Src/main.c ****   RCC_ClkInitStruct.AHBCLKDivider = RCC_SYSCLK_DIV1;
 354              		.loc 1 130 3 is_stmt 1 view .LVU98
 130:Core/Src/main.c ****   RCC_ClkInitStruct.AHBCLKDivider = RCC_SYSCLK_DIV1;
 355              		.loc 1 130 34 is_stmt 0 view .LVU99
 356 0040 0221     		movs	r1, #2
 357 0042 0291     		str	r1, [sp, #8]
 131:Core/Src/main.c ****   RCC_ClkInitStruct.APB1CLKDivider = RCC_HCLK_DIV2;
 358              		.loc 1 131 3 is_stmt 1 view .LVU100
 131:Core/Src/main.c ****   RCC_ClkInitStruct.APB1CLKDivider = RCC_HCLK_DIV2;
 359              		.loc 1 131 35 is_stmt 0 view .LVU101
 360 0044 0023     		movs	r3, #0
 361 0046 0393     		str	r3, [sp, #12]
 132:Core/Src/main.c ****   RCC_ClkInitStruct.APB2CLKDivider = RCC_HCLK_DIV1;
 362              		.loc 1 132 3 is_stmt 1 view .LVU102
 132:Core/Src/main.c ****   RCC_ClkInitStruct.APB2CLKDivider = RCC_HCLK_DIV1;
 363              		.loc 1 132 36 is_stmt 0 view .LVU103
 364 0048 4FF48062 		mov	r2, #1024
 365 004c 0492     		str	r2, [sp, #16]
ARM GAS  C:\Users\krzys\AppData\Local\Temp\cc2nZOOg.s 			page 14


 133:Core/Src/main.c **** 
 366              		.loc 1 133 3 is_stmt 1 view .LVU104
 133:Core/Src/main.c **** 
 367              		.loc 1 133 36 is_stmt 0 view .LVU105
 368 004e 0593     		str	r3, [sp, #20]
 135:Core/Src/main.c ****   {
 369              		.loc 1 135 3 is_stmt 1 view .LVU106
 135:Core/Src/main.c ****   {
 370              		.loc 1 135 7 is_stmt 0 view .LVU107
 371 0050 01A8     		add	r0, sp, #4
 372 0052 FFF7FEFF 		bl	HAL_RCC_ClockConfig
 373              	.LVL7:
 135:Core/Src/main.c ****   {
 374              		.loc 1 135 6 view .LVU108
 375 0056 20B9     		cbnz	r0, .L18
 139:Core/Src/main.c **** 
 376              		.loc 1 139 1 view .LVU109
 377 0058 11B0     		add	sp, sp, #68
 378              	.LCFI6:
 379              		.cfi_remember_state
 380              		.cfi_def_cfa_offset 4
 381              		@ sp needed
 382 005a 5DF804FB 		ldr	pc, [sp], #4
 383              	.L17:
 384              	.LCFI7:
 385              		.cfi_restore_state
 123:Core/Src/main.c ****   }
 386              		.loc 1 123 5 is_stmt 1 view .LVU110
 387 005e FFF7FEFF 		bl	Error_Handler
 388              	.LVL8:
 389              	.L18:
 137:Core/Src/main.c ****   }
 390              		.loc 1 137 5 view .LVU111
 391 0062 FFF7FEFF 		bl	Error_Handler
 392              	.LVL9:
 393              		.cfi_endproc
 394              	.LFE131:
 396              		.section	.text.main,"ax",%progbits
 397              		.align	1
 398              		.global	main
 399              		.syntax unified
 400              		.thumb
 401              		.thumb_func
 403              	main:
 404              	.LFB130:
  64:Core/Src/main.c ****   /* USER CODE BEGIN 1 */
 405              		.loc 1 64 1 view -0
 406              		.cfi_startproc
 407              		@ Volatile: function does not return.
 408              		@ args = 0, pretend = 0, frame = 0
 409              		@ frame_needed = 0, uses_anonymous_args = 0
 410 0000 08B5     		push	{r3, lr}
 411              	.LCFI8:
 412              		.cfi_def_cfa_offset 8
 413              		.cfi_offset 3, -8
 414              		.cfi_offset 14, -4
  72:Core/Src/main.c **** 
ARM GAS  C:\Users\krzys\AppData\Local\Temp\cc2nZOOg.s 			page 15


 415              		.loc 1 72 3 view .LVU113
 416 0002 FFF7FEFF 		bl	HAL_Init
 417              	.LVL10:
  79:Core/Src/main.c **** 
 418              		.loc 1 79 3 view .LVU114
 419 0006 FFF7FEFF 		bl	SystemClock_Config
 420              	.LVL11:
  86:Core/Src/main.c ****   /* USER CODE BEGIN 2 */
 421              		.loc 1 86 3 view .LVU115
 422 000a FFF7FEFF 		bl	MX_GPIO_Init
 423              	.LVL12:
 424              	.L20:
  93:Core/Src/main.c ****   {
 425              		.loc 1 93 3 discriminator 1 view .LVU116
  98:Core/Src/main.c ****   /* USER CODE END 3 */
 426              		.loc 1 98 3 discriminator 1 view .LVU117
  93:Core/Src/main.c ****   {
 427              		.loc 1 93 9 discriminator 1 view .LVU118
 428 000e FEE7     		b	.L20
 429              		.cfi_endproc
 430              	.LFE130:
 432              		.global	cnt
 433              		.global	t
 434              		.section	.bss.cnt,"aw",%nobits
 435              		.align	1
 436              		.set	.LANCHOR1,. + 0
 439              	cnt:
 440 0000 0000     		.space	2
 441              		.section	.bss.t,"aw",%nobits
 442              		.align	1
 443              		.set	.LANCHOR0,. + 0
 446              	t:
 447 0000 0000     		.space	2
 448              		.text
 449              	.Letext0:
 450              		.file 3 "c:\\program files (x86)\\gnu arm embedded toolchain\\10 2021.10\\arm-none-eabi\\include\\
 451              		.file 4 "c:\\program files (x86)\\gnu arm embedded toolchain\\10 2021.10\\arm-none-eabi\\include\\
 452              		.file 5 "Drivers/CMSIS/Device/ST/STM32F3xx/Include/stm32f303xe.h"
 453              		.file 6 "Drivers/STM32F3xx_HAL_Driver/Inc/stm32f3xx_hal_rcc.h"
 454              		.file 7 "Drivers/STM32F3xx_HAL_Driver/Inc/stm32f3xx_hal_gpio.h"
 455              		.file 8 "Drivers/STM32F3xx_HAL_Driver/Inc/stm32f3xx_hal_def.h"
 456              		.file 9 "Drivers/STM32F3xx_HAL_Driver/Inc/stm32f3xx_hal.h"
 457              		.file 10 "<built-in>"
ARM GAS  C:\Users\krzys\AppData\Local\Temp\cc2nZOOg.s 			page 16


DEFINED SYMBOLS
                            *ABS*:00000000 main.c
C:\Users\krzys\AppData\Local\Temp\cc2nZOOg.s:20     .text.MX_GPIO_Init:00000000 $t
C:\Users\krzys\AppData\Local\Temp\cc2nZOOg.s:25     .text.MX_GPIO_Init:00000000 MX_GPIO_Init
C:\Users\krzys\AppData\Local\Temp\cc2nZOOg.s:182    .text.MX_GPIO_Init:000000b0 $d
C:\Users\krzys\AppData\Local\Temp\cc2nZOOg.s:188    .text.HAL_SYSTICK_Callback:00000000 $t
C:\Users\krzys\AppData\Local\Temp\cc2nZOOg.s:194    .text.HAL_SYSTICK_Callback:00000000 HAL_SYSTICK_Callback
C:\Users\krzys\AppData\Local\Temp\cc2nZOOg.s:241    .text.HAL_SYSTICK_Callback:00000030 $d
C:\Users\krzys\AppData\Local\Temp\cc2nZOOg.s:247    .text.Error_Handler:00000000 $t
C:\Users\krzys\AppData\Local\Temp\cc2nZOOg.s:253    .text.Error_Handler:00000000 Error_Handler
C:\Users\krzys\AppData\Local\Temp\cc2nZOOg.s:285    .text.SystemClock_Config:00000000 $t
C:\Users\krzys\AppData\Local\Temp\cc2nZOOg.s:291    .text.SystemClock_Config:00000000 SystemClock_Config
C:\Users\krzys\AppData\Local\Temp\cc2nZOOg.s:397    .text.main:00000000 $t
C:\Users\krzys\AppData\Local\Temp\cc2nZOOg.s:403    .text.main:00000000 main
C:\Users\krzys\AppData\Local\Temp\cc2nZOOg.s:439    .bss.cnt:00000000 cnt
C:\Users\krzys\AppData\Local\Temp\cc2nZOOg.s:446    .bss.t:00000000 t
C:\Users\krzys\AppData\Local\Temp\cc2nZOOg.s:435    .bss.cnt:00000000 $d
C:\Users\krzys\AppData\Local\Temp\cc2nZOOg.s:442    .bss.t:00000000 $d

UNDEFINED SYMBOLS
HAL_GPIO_WritePin
HAL_GPIO_Init
HAL_GPIO_TogglePin
memset
HAL_RCC_OscConfig
HAL_RCC_ClockConfig
HAL_Init
